---------------------------------------------------------------

[2026-06-23T12:52:03+08:00] 188.43.87.69 POST qss.qestsoln.com/api/uploadContact
[ info ] [uploadContact][{"exhibitorID":1,"visitDate":"2026-06-23","serialNumber":"","imgCard":null,"remark":null,"lastName":null,"email":null,"telephone":null,"title":null,"organization":null,"visitTime":"2026-06-23 00:51:19","flag":"Neutral","firstName":null,"fullName":"undefined undefined","id":1}]
---------------------------------------------------------------

[2026-06-23T12:52:03+08:00] 188.43.87.69 POST qss.qestsoln.com/api/uploadContact
[运行时间：0.144300s] [吞吐率：6.93req/s] [内存消耗：1,563.19kb] [文件加载：101]
[ info ] [ LANG ] /var/www/vhosts/qestsoln.com/qss.qestsoln.com/thinkphp/lang/zh-cn.php
[ info ] [ BIND ] 'index'
[ info ] [ ROUTE ] array (
  'rule' => 'api/uploadContact',
  'route' => 'api/Index/uploadContact',
  'option' => 
  array (
    'merge_rule_regex' => false,
    'header' => 
    array (
      'Access-Control-Allow-Credentials' => 'true',
      'Access-Control-Allow-Methods' => 'POST,GET,PUT,DELETE',
      'Access-Control-Allow-Headers' => 'token,Origin,X-Requested-With,Content-Type,Accept,Authorization',
      'Access-Control-Allow-Origin' => '*',
    ),
    'cross_domain' => true,
  ),
  'var' => 
  array (
  ),
)
[ info ] [ HEADER ] array (
  'user-agent' => 'okhttp/4.9.2',
  'cookie' => 'PHPSESSID=84otv8at75ol8s0ku53g2jaslr',
  'accept-encoding' => 'gzip',
  'content-type' => 'application/json',
  'token' => 'eyJ0eXAiOiJKV1QiLCJhbGciOiJIUzI1NiJ9.eyJpc3MiOiJKZXJyeSIsImF1ZCI6IiIsImlhdCI6MTc4MjE5MDMwNywibmJmIjoxNzgyMTkwMzEwLCJleHAiOjE3ODI2MjIzMDcsImRhdGEiOnsiaWQiOjF9fQ._vNdyHn57B4HzxOAMXt2Lmh8srdmz4YZsMA4VB-Fc8A',
  'accept' => 'application/json, text/plain, */*',
  'content-length' => '291',
  'x-accel-internal' => '/internal-nginx-static-location',
  'x-real-ip' => '188.43.87.69',
  'host' => 'qss.qestsoln.com',
)
[ info ] [ PARAM ] array (
  'contacts' => 
  array (
    0 => 
    array (
      'exhibitorID' => 1,
      'visitDate' => '2026-06-23',
      'serialNumber' => '',
      'imgCard' => NULL,
      'remark' => NULL,
      'lastName' => NULL,
      'email' => NULL,
      'telephone' => NULL,
      'title' => NULL,
      'organization' => NULL,
      'visitTime' => '2026-06-23 00:51:19',
      'flag' => 'Neutral',
      'firstName' => NULL,
      'fullName' => 'undefined undefined',
      'id' => 1,
    ),
  ),
)
[ info ] [ DB ] INIT mysql
[ sql ] [ DB ] CONNECT:[ UseTime:0.000420s ] mysql:host=127.0.0.1;port=3306;dbname=qss_qestsoln;charset=utf8
[ sql ] [ SQL ] SHOW COLUMNS FROM `qls_xexhibitors` [ RunTime:0.000824s ]
[ sql ] [ SQL ] SELECT * FROM `qls_xexhibitors` WHERE  `id` = 1  AND `status` = 1 LIMIT 1 [ RunTime:0.000384s ]
[ sql ] [ SQL ] SHOW COLUMNS FROM `qls_xvisitors` [ RunTime:0.006775s ]
[ sql ] [ SQL ] SELECT * FROM `qls_xvisitors` WHERE  `serial_number` = ''  AND `exhibitor_id` = 1  AND `event_id` = 'AB6E9834-5752-2A1A-2CF9-58391339841B'  AND `visit_time` = '2026-06-23 00:51:19' LIMIT 1 [ RunTime:0.113374s ]
[ sql ] [ SQL ] INSERT INTO `qls_xvisitors` (`id` , `first_name` , `last_name` , `full_name` , `organization` , `title` , `phone` , `email` , `flag` , `remark` , `serial_number` , `exhibitor_id` , `event_id` , `visit_time` , `visit_date` , `img_card` , `create_time`) VALUES ('4314241E-265E-A678-3A1E-ADC735A610A1' , NULL , NULL , 'undefined undefined' , NULL , NULL , NULL , NULL , 'Neutral' , NULL , '' , 1 , 'AB6E9834-5752-2A1A-2CF9-58391339841B' , '2026-06-23 00:51:19' , '2026-06-23' , NULL , '2026-06-23 12:52:03') [ RunTime:0.002365s ]
---------------------------------------------------------------

[2026-06-23T12:53:36+08:00] 188.43.87.69 POST qss.qestsoln.com/api/uploadContact
[ info ] [uploadContact][{"exhibitorID":1,"visitDate":"2026-06-23","serialNumber":"","imgCard":null,"remark":null,"lastName":null,"email":null,"telephone":null,"title":null,"organization":null,"visitTime":"2026-06-23 00:51:19","flag":"Neutral","firstName":null,"fullName":"undefined undefined","id":1}]
---------------------------------------------------------------

[2026-06-23T12:53:36+08:00] 188.43.87.69 POST qss.qestsoln.com/api/uploadContact
[运行时间：0.061361s] [吞吐率：16.30req/s] [内存消耗：1,561.39kb] [文件加载：100]
[ info ] [ LANG ] /var/www/vhosts/qestsoln.com/qss.qestsoln.com/thinkphp/lang/zh-cn.php
[ info ] [ BIND ] 'index'
[ info ] [ ROUTE ] array (
  'rule' => 'api/uploadContact',
  'route' => 'api/Index/uploadContact',
  'option' => 
  array (
    'merge_rule_regex' => false,
    'header' => 
    array (
      'Access-Control-Allow-Credentials' => 'true',
      'Access-Control-Allow-Methods' => 'POST,GET,PUT,DELETE',
      'Access-Control-Allow-Headers' => 'token,Origin,X-Requested-With,Content-Type,Accept,Authorization',
      'Access-Control-Allow-Origin' => '*',
    ),
    'cross_domain' => true,
  ),
  'var' => 
  array (
  ),
)
[ info ] [ HEADER ] array (
  'user-agent' => 'okhttp/4.9.2',
  'cookie' => 'PHPSESSID=84otv8at75ol8s0ku53g2jaslr',
  'accept-encoding' => 'gzip',
  'content-type' => 'application/json',
  'token' => 'eyJ0eXAiOiJKV1QiLCJhbGciOiJIUzI1NiJ9.eyJpc3MiOiJKZXJyeSIsImF1ZCI6IiIsImlhdCI6MTc4MjE5MDMwNywibmJmIjoxNzgyMTkwMzEwLCJleHAiOjE3ODI2MjIzMDcsImRhdGEiOnsiaWQiOjF9fQ._vNdyHn57B4HzxOAMXt2Lmh8srdmz4YZsMA4VB-Fc8A',
  'accept' => 'application/json, text/plain, */*',
  'content-length' => '291',
  'x-accel-internal' => '/internal-nginx-static-location',
  'x-real-ip' => '188.43.87.69',
  'host' => 'qss.qestsoln.com',
)
[ info ] [ PARAM ] array (
  'contacts' => 
  array (
    0 => 
    array (
      'exhibitorID' => 1,
      'visitDate' => '2026-06-23',
      'serialNumber' => '',
      'imgCard' => NULL,
      'remark' => NULL,
      'lastName' => NULL,
      'email' => NULL,
      'telephone' => NULL,
      'title' => NULL,
      'organization' => NULL,
      'visitTime' => '2026-06-23 00:51:19',
      'flag' => 'Neutral',
      'firstName' => NULL,
      'fullName' => 'undefined undefined',
      'id' => 1,
    ),
  ),
)
[ info ] [ DB ] INIT mysql
[ sql ] [ DB ] CONNECT:[ UseTime:0.000564s ] mysql:host=127.0.0.1;port=3306;dbname=qss_qestsoln;charset=utf8
[ sql ] [ SQL ] SHOW COLUMNS FROM `qls_xexhibitors` [ RunTime:0.001022s ]
[ sql ] [ SQL ] SELECT * FROM `qls_xexhibitors` WHERE  `id` = 1  AND `status` = 1 LIMIT 1 [ RunTime:0.000893s ]
[ sql ] [ SQL ] SHOW COLUMNS FROM `qls_xvisitors` [ RunTime:0.000745s ]
[ sql ] [ SQL ] SELECT * FROM `qls_xvisitors` WHERE  `serial_number` = ''  AND `exhibitor_id` = 1  AND `event_id` = 'AB6E9834-5752-2A1A-2CF9-58391339841B'  AND `visit_time` = '2026-06-23 00:51:19' LIMIT 1 [ RunTime:0.036898s ]
[ sql ] [ SQL ] UPDATE `qls_xvisitors`  SET `first_name` = NULL , `last_name` = NULL , `full_name` = 'undefined undefined' , `organization` = NULL , `title` = NULL , `phone` = NULL , `email` = NULL , `flag` = 'Neutral' , `remark` = NULL , `img_card` = NULL , `update_time` = '2026-06-23 12:53:36'  WHERE  `id` = '4314241E-265E-A678-3A1E-ADC735A610A1' [ RunTime:0.005183s ]
