---------------------------------------------------------------

[2026-04-11T17:56:57+08:00] 190.63.135.5 POST qss.qestsoln.com/api/uploadContact
[ info ] [uploadContact][]
---------------------------------------------------------------

[2026-04-11T17:56:57+08:00] 190.63.135.5 POST qss.qestsoln.com/api/uploadContact
[运行时间：0.030738s] [吞吐率：32.53req/s] [内存消耗：1,573.56kb] [文件加载：100]
[ info ] [ LANG ] /var/www/vhosts/qestsoln.com/qss.qestsoln.com/thinkphp/lang/zh-cn.php
[ info ] [ BIND ] 'index'
[ info ] [ ROUTE ] array (
  'rule' => 'api/uploadContact',
  'route' => 'api/Index/uploadContact',
  'option' => 
  array (
    'merge_rule_regex' => false,
    'header' => 
    array (
      'Access-Control-Allow-Credentials' => 'true',
      'Access-Control-Allow-Methods' => 'POST,GET,PUT,DELETE',
      'Access-Control-Allow-Headers' => 'token,Origin,X-Requested-With,Content-Type,Accept,Authorization',
      'Access-Control-Allow-Origin' => '*',
    ),
    'cross_domain' => true,
  ),
  'var' => 
  array (
  ),
)
[ info ] [ HEADER ] array (
  'user-agent' => 'okhttp/4.12.0',
  'cookie' => 'PHPSESSID=o43ffnd6ds1888etb4hdblb0l6',
  'accept-encoding' => 'gzip',
  'content-type' => 'application/json',
  'token' => 'eyJ0eXAiOiJKV1QiLCJhbGciOiJIUzI1NiJ9.eyJpc3MiOiJKZXJyeSIsImF1ZCI6IiIsImlhdCI6MTc3NTkwMTM0MiwibmJmIjoxNzc1OTAxMzQ1LCJleHAiOjE3NzYzMzMzNDIsImRhdGEiOnsiaWQiOjF9fQ.Ywvwc2fSy3cCRCzrAb2OKZ7afaPNvjmAuz5o5hcOZj4',
  'accept' => 'application/json, text/plain, */*',
  'content-length' => '15',
  'connection' => 'close',
  'x-accel-internal' => '/internal-nginx-static-location',
  'x-real-ip' => '190.63.135.5',
  'host' => 'qss.qestsoln.com',
)
[ info ] [ PARAM ] array (
  'contacts' => 
  array (
  ),
)
[ info ] [ DB ] INIT mysql
[ sql ] [ DB ] CONNECT:[ UseTime:0.001204s ] mysql:host=127.0.0.1;port=3306;dbname=qss_qestsoln;charset=utf8
[ sql ] [ SQL ] SHOW COLUMNS FROM `qls_xexhibitors` [ RunTime:0.001071s ]
[ sql ] [ SQL ] SELECT * FROM `qls_xexhibitors` WHERE  `id` = 1  AND `status` = 1 LIMIT 1 [ RunTime:0.000534s ]
