---------------------------------------------------------------

[2026-04-27T13:07:25+08:00] 212.39.86.100 POST qss.qestsoln.com/api/uploadContact
[ info ] [uploadContact][{"exhibitorID":1,"visitDate":"2026-04-27","serialNumber":"","imgCard":null,"remark":null,"lastName":null,"email":null,"telephone":null,"title":null,"organization":null,"visitTime":"2026-04-27 01:06:48","flag":"Neutral","firstName":null,"fullName":"undefined undefined","id":1}]
---------------------------------------------------------------

[2026-04-27T13:07:25+08:00] 212.39.86.100 POST qss.qestsoln.com/api/uploadContact
[运行时间：0.478118s] [吞吐率：2.09req/s] [内存消耗：1,562.82kb] [文件加载：101]
[ info ] [ LANG ] /var/www/vhosts/qestsoln.com/qss.qestsoln.com/thinkphp/lang/zh-cn.php
[ info ] [ BIND ] 'index'
[ info ] [ ROUTE ] array (
  'rule' => 'api/uploadContact',
  'route' => 'api/Index/uploadContact',
  'option' => 
  array (
    'merge_rule_regex' => false,
    'header' => 
    array (
      'Access-Control-Allow-Credentials' => 'true',
      'Access-Control-Allow-Methods' => 'POST,GET,PUT,DELETE',
      'Access-Control-Allow-Headers' => 'token,Origin,X-Requested-With,Content-Type,Accept,Authorization',
      'Access-Control-Allow-Origin' => '*',
    ),
    'cross_domain' => true,
  ),
  'var' => 
  array (
  ),
)
[ info ] [ HEADER ] array (
  'user-agent' => 'okhttp/4.9.2',
  'cookie' => 'PHPSESSID=5sjuuu255urdd09h8keag4jmhv',
  'accept-encoding' => 'gzip',
  'content-type' => 'application/json',
  'token' => 'eyJ0eXAiOiJKV1QiLCJhbGciOiJIUzI1NiJ9.eyJpc3MiOiJKZXJyeSIsImF1ZCI6IiIsImlhdCI6MTc3NzI2NjQzNywibmJmIjoxNzc3MjY2NDQwLCJleHAiOjE3Nzc2OTg0MzcsImRhdGEiOnsiaWQiOjF9fQ.cgu2R9YZ4AWMSwnWkNdNWSqEq8DXbC_xYeFP5s_HoBc',
  'accept' => 'application/json, text/plain, */*',
  'content-length' => '291',
  'connection' => 'close',
  'x-accel-internal' => '/internal-nginx-static-location',
  'x-real-ip' => '212.39.86.100',
  'host' => 'qss.qestsoln.com',
)
[ info ] [ PARAM ] array (
  'contacts' => 
  array (
    0 => 
    array (
      'exhibitorID' => 1,
      'visitDate' => '2026-04-27',
      'serialNumber' => '',
      'imgCard' => NULL,
      'remark' => NULL,
      'lastName' => NULL,
      'email' => NULL,
      'telephone' => NULL,
      'title' => NULL,
      'organization' => NULL,
      'visitTime' => '2026-04-27 01:06:48',
      'flag' => 'Neutral',
      'firstName' => NULL,
      'fullName' => 'undefined undefined',
      'id' => 1,
    ),
  ),
)
[ info ] [ DB ] INIT mysql
[ sql ] [ DB ] CONNECT:[ UseTime:0.002165s ] mysql:host=127.0.0.1;port=3306;dbname=qss_qestsoln;charset=utf8
[ sql ] [ SQL ] SHOW COLUMNS FROM `qls_xexhibitors` [ RunTime:0.000882s ]
[ sql ] [ SQL ] SELECT * FROM `qls_xexhibitors` WHERE  `id` = 1  AND `status` = 1 LIMIT 1 [ RunTime:0.000408s ]
[ sql ] [ SQL ] SHOW COLUMNS FROM `qls_xvisitors` [ RunTime:0.006125s ]
[ sql ] [ SQL ] SELECT * FROM `qls_xvisitors` WHERE  `serial_number` = ''  AND `exhibitor_id` = 1  AND `event_id` = 'AB6E9834-5752-2A1A-2CF9-58391339841B'  AND `visit_time` = '2026-04-27 01:06:48' LIMIT 1 [ RunTime:0.442605s ]
[ sql ] [ SQL ] INSERT INTO `qls_xvisitors` (`id` , `first_name` , `last_name` , `full_name` , `organization` , `title` , `phone` , `email` , `flag` , `remark` , `serial_number` , `exhibitor_id` , `event_id` , `visit_time` , `visit_date` , `img_card` , `create_time`) VALUES ('C2B8F185-D89C-A792-F151-03F6FE68032B' , NULL , NULL , 'undefined undefined' , NULL , NULL , NULL , NULL , 'Neutral' , NULL , '' , 1 , 'AB6E9834-5752-2A1A-2CF9-58391339841B' , '2026-04-27 01:06:48' , '2026-04-27' , NULL , '2026-04-27 13:07:25') [ RunTime:0.002524s ]
---------------------------------------------------------------

[2026-04-27T13:07:46+08:00] 212.39.86.100 POST qss.qestsoln.com/api/uploadContact
[ info ] [uploadContact][{"exhibitorID":1,"visitDate":"2026-04-27","serialNumber":"","imgCard":null,"remark":"jerry.bi","lastName":null,"email":null,"telephone":null,"title":null,"organization":null,"visitTime":"2026-04-27 01:06:48","flag":"Neutral","firstName":null,"fullName":"undefined undefined","id":1}]
---------------------------------------------------------------

[2026-04-27T13:07:46+08:00] 212.39.86.100 POST qss.qestsoln.com/api/uploadContact
[运行时间：0.212562s] [吞吐率：4.70req/s] [内存消耗：1,562.55kb] [文件加载：100]
[ info ] [ LANG ] /var/www/vhosts/qestsoln.com/qss.qestsoln.com/thinkphp/lang/zh-cn.php
[ info ] [ BIND ] 'index'
[ info ] [ ROUTE ] array (
  'rule' => 'api/uploadContact',
  'route' => 'api/Index/uploadContact',
  'option' => 
  array (
    'merge_rule_regex' => false,
    'header' => 
    array (
      'Access-Control-Allow-Credentials' => 'true',
      'Access-Control-Allow-Methods' => 'POST,GET,PUT,DELETE',
      'Access-Control-Allow-Headers' => 'token,Origin,X-Requested-With,Content-Type,Accept,Authorization',
      'Access-Control-Allow-Origin' => '*',
    ),
    'cross_domain' => true,
  ),
  'var' => 
  array (
  ),
)
[ info ] [ HEADER ] array (
  'user-agent' => 'okhttp/4.9.2',
  'cookie' => 'PHPSESSID=5sjuuu255urdd09h8keag4jmhv',
  'accept-encoding' => 'gzip',
  'content-type' => 'application/json',
  'token' => 'eyJ0eXAiOiJKV1QiLCJhbGciOiJIUzI1NiJ9.eyJpc3MiOiJKZXJyeSIsImF1ZCI6IiIsImlhdCI6MTc3NzI2NjQzNywibmJmIjoxNzc3MjY2NDQwLCJleHAiOjE3Nzc2OTg0MzcsImRhdGEiOnsiaWQiOjF9fQ.cgu2R9YZ4AWMSwnWkNdNWSqEq8DXbC_xYeFP5s_HoBc',
  'accept' => 'application/json, text/plain, */*',
  'content-length' => '297',
  'connection' => 'close',
  'x-accel-internal' => '/internal-nginx-static-location',
  'x-real-ip' => '212.39.86.100',
  'host' => 'qss.qestsoln.com',
)
[ info ] [ PARAM ] array (
  'contacts' => 
  array (
    0 => 
    array (
      'exhibitorID' => 1,
      'visitDate' => '2026-04-27',
      'serialNumber' => '',
      'imgCard' => NULL,
      'remark' => 'jerry.bi',
      'lastName' => NULL,
      'email' => NULL,
      'telephone' => NULL,
      'title' => NULL,
      'organization' => NULL,
      'visitTime' => '2026-04-27 01:06:48',
      'flag' => 'Neutral',
      'firstName' => NULL,
      'fullName' => 'undefined undefined',
      'id' => 1,
    ),
  ),
)
[ info ] [ DB ] INIT mysql
[ sql ] [ DB ] CONNECT:[ UseTime:0.002060s ] mysql:host=127.0.0.1;port=3306;dbname=qss_qestsoln;charset=utf8
[ sql ] [ SQL ] SHOW COLUMNS FROM `qls_xexhibitors` [ RunTime:0.001145s ]
[ sql ] [ SQL ] SELECT * FROM `qls_xexhibitors` WHERE  `id` = 1  AND `status` = 1 LIMIT 1 [ RunTime:0.000592s ]
[ sql ] [ SQL ] SHOW COLUMNS FROM `qls_xvisitors` [ RunTime:0.000847s ]
[ sql ] [ SQL ] SELECT * FROM `qls_xvisitors` WHERE  `serial_number` = ''  AND `exhibitor_id` = 1  AND `event_id` = 'AB6E9834-5752-2A1A-2CF9-58391339841B'  AND `visit_time` = '2026-04-27 01:06:48' LIMIT 1 [ RunTime:0.143979s ]
[ sql ] [ SQL ] UPDATE `qls_xvisitors`  SET `first_name` = NULL , `last_name` = NULL , `full_name` = 'undefined undefined' , `organization` = NULL , `title` = NULL , `phone` = NULL , `email` = NULL , `flag` = 'Neutral' , `remark` = 'jerry.bi' , `img_card` = NULL , `update_time` = '2026-04-27 13:07:46'  WHERE  `id` = 'C2B8F185-D89C-A792-F151-03F6FE68032B' [ RunTime:0.033403s ]
