---------------------------------------------------------------

[2026-03-29T17:14:03+08:00] 170.233.116.36 POST qss.qestsoln.com/api/uploadContact
[ info ] [uploadContact][{"exhibitorID":1,"visitDate":"2026-03-29","serialNumber":"","imgCard":null,"remark":null,"lastName":null,"email":null,"telephone":null,"title":null,"organization":null,"visitTime":"2026-03-29 17:13:25","flag":"Neutral","firstName":null,"fullName":"undefined undefined","id":1}]
---------------------------------------------------------------

[2026-03-29T17:14:03+08:00] 170.233.116.36 POST qss.qestsoln.com/api/uploadContact
[运行时间：0.374704s] [吞吐率：2.67req/s] [内存消耗：1,562.80kb] [文件加载：101]
[ info ] [ LANG ] /var/www/vhosts/qestsoln.com/qss.qestsoln.com/thinkphp/lang/zh-cn.php
[ info ] [ BIND ] 'index'
[ info ] [ ROUTE ] array (
  'rule' => 'api/uploadContact',
  'route' => 'api/Index/uploadContact',
  'option' => 
  array (
    'merge_rule_regex' => false,
    'header' => 
    array (
      'Access-Control-Allow-Credentials' => 'true',
      'Access-Control-Allow-Methods' => 'POST,GET,PUT,DELETE',
      'Access-Control-Allow-Headers' => 'token,Origin,X-Requested-With,Content-Type,Accept,Authorization',
      'Access-Control-Allow-Origin' => '*',
    ),
    'cross_domain' => true,
  ),
  'var' => 
  array (
  ),
)
[ info ] [ HEADER ] array (
  'user-agent' => 'okhttp/4.9.2',
  'cookie' => 'PHPSESSID=hufhl8gn2m0a4s8vilnu5lbbf5',
  'accept-encoding' => 'gzip',
  'content-type' => 'application/json',
  'token' => 'eyJ0eXAiOiJKV1QiLCJhbGciOiJIUzI1NiJ9.eyJpc3MiOiJKZXJyeSIsImF1ZCI6IiIsImlhdCI6MTc3NDc3NTYzMSwibmJmIjoxNzc0Nzc1NjM0LCJleHAiOjE3NzUyMDc2MzEsImRhdGEiOnsiaWQiOjF9fQ.c1454AUCSuLjztDvUnQbfRpMnJnmPmtJcpWaFRL59lc',
  'accept' => 'application/json, text/plain, */*',
  'content-length' => '291',
  'connection' => 'close',
  'x-accel-internal' => '/internal-nginx-static-location',
  'x-real-ip' => '170.233.116.36',
  'host' => 'qss.qestsoln.com',
)
[ info ] [ PARAM ] array (
  'contacts' => 
  array (
    0 => 
    array (
      'exhibitorID' => 1,
      'visitDate' => '2026-03-29',
      'serialNumber' => '',
      'imgCard' => NULL,
      'remark' => NULL,
      'lastName' => NULL,
      'email' => NULL,
      'telephone' => NULL,
      'title' => NULL,
      'organization' => NULL,
      'visitTime' => '2026-03-29 17:13:25',
      'flag' => 'Neutral',
      'firstName' => NULL,
      'fullName' => 'undefined undefined',
      'id' => 1,
    ),
  ),
)
[ info ] [ DB ] INIT mysql
[ sql ] [ DB ] CONNECT:[ UseTime:0.000641s ] mysql:host=127.0.0.1;port=3306;dbname=qss_qestsoln;charset=utf8
[ sql ] [ SQL ] SHOW COLUMNS FROM `qls_xexhibitors` [ RunTime:0.000949s ]
[ sql ] [ SQL ] SELECT * FROM `qls_xexhibitors` WHERE  `id` = 1  AND `status` = 1 LIMIT 1 [ RunTime:0.000512s ]
[ sql ] [ SQL ] SHOW COLUMNS FROM `qls_xvisitors` [ RunTime:0.004918s ]
[ sql ] [ SQL ] SELECT * FROM `qls_xvisitors` WHERE  `serial_number` = ''  AND `exhibitor_id` = 1  AND `event_id` = 'AB6E9834-5752-2A1A-2CF9-58391339841B'  AND `visit_time` = '2026-03-29 17:13:25' LIMIT 1 [ RunTime:0.341644s ]
[ sql ] [ SQL ] INSERT INTO `qls_xvisitors` (`id` , `first_name` , `last_name` , `full_name` , `organization` , `title` , `phone` , `email` , `flag` , `remark` , `serial_number` , `exhibitor_id` , `event_id` , `visit_time` , `visit_date` , `img_card` , `create_time`) VALUES ('3F4AA719-293D-B23C-16CD-101C31F3C74C' , NULL , NULL , 'undefined undefined' , NULL , NULL , NULL , NULL , 'Neutral' , NULL , '' , 1 , 'AB6E9834-5752-2A1A-2CF9-58391339841B' , '2026-03-29 17:13:25' , '2026-03-29' , NULL , '2026-03-29 17:14:03') [ RunTime:0.004508s ]
