---------------------------------------------------------------

[2026-05-04T12:48:12+08:00] 185.112.104.132 POST qss.qestsoln.com/api/uploadContact
[ info ] [uploadContact][{"exhibitorID":1,"visitDate":"2026-05-04","serialNumber":"","imgCard":null,"remark":null,"lastName":null,"email":null,"telephone":null,"title":null,"organization":null,"visitTime":"2026-05-04 12:47:33","flag":"Neutral","firstName":null,"fullName":"undefined undefined","id":1}]
---------------------------------------------------------------

[2026-05-04T12:48:12+08:00] 185.112.104.132 POST qss.qestsoln.com/api/uploadContact
[运行时间：0.263564s] [吞吐率：3.79req/s] [内存消耗：1,563.52kb] [文件加载：101]
[ info ] [ LANG ] /var/www/vhosts/qestsoln.com/qss.qestsoln.com/thinkphp/lang/zh-cn.php
[ info ] [ BIND ] 'index'
[ info ] [ ROUTE ] array (
  'rule' => 'api/uploadContact',
  'route' => 'api/Index/uploadContact',
  'option' => 
  array (
    'merge_rule_regex' => false,
    'header' => 
    array (
      'Access-Control-Allow-Credentials' => 'true',
      'Access-Control-Allow-Methods' => 'POST,GET,PUT,DELETE',
      'Access-Control-Allow-Headers' => 'token,Origin,X-Requested-With,Content-Type,Accept,Authorization',
      'Access-Control-Allow-Origin' => '*',
    ),
    'cross_domain' => true,
  ),
  'var' => 
  array (
  ),
)
[ info ] [ HEADER ] array (
  'user-agent' => 'okhttp/4.12.0',
  'cookie' => 'PHPSESSID=a8pqo3ul7sdffi2pp99p916lph',
  'accept-encoding' => 'gzip',
  'content-type' => 'application/json',
  'token' => 'eyJ0eXAiOiJKV1QiLCJhbGciOiJIUzI1NiJ9.eyJpc3MiOiJKZXJyeSIsImF1ZCI6IiIsImlhdCI6MTc3Nzg3MDA4MSwibmJmIjoxNzc3ODcwMDg0LCJleHAiOjE3NzgzMDIwODEsImRhdGEiOnsiaWQiOjF9fQ.hPceurBrxxmjo6lcL8CExAaEzsAuhnbk1J8gGMh_pt8',
  'accept' => 'application/json, text/plain, */*',
  'content-length' => '291',
  'connection' => 'close',
  'x-accel-internal' => '/internal-nginx-static-location',
  'x-real-ip' => '185.112.104.132',
  'host' => 'qss.qestsoln.com',
)
[ info ] [ PARAM ] array (
  'contacts' => 
  array (
    0 => 
    array (
      'exhibitorID' => 1,
      'visitDate' => '2026-05-04',
      'serialNumber' => '',
      'imgCard' => NULL,
      'remark' => NULL,
      'lastName' => NULL,
      'email' => NULL,
      'telephone' => NULL,
      'title' => NULL,
      'organization' => NULL,
      'visitTime' => '2026-05-04 12:47:33',
      'flag' => 'Neutral',
      'firstName' => NULL,
      'fullName' => 'undefined undefined',
      'id' => 1,
    ),
  ),
)
[ info ] [ DB ] INIT mysql
[ sql ] [ DB ] CONNECT:[ UseTime:0.000408s ] mysql:host=127.0.0.1;port=3306;dbname=qss_qestsoln;charset=utf8
[ sql ] [ SQL ] SHOW COLUMNS FROM `qls_xexhibitors` [ RunTime:0.000749s ]
[ sql ] [ SQL ] SELECT * FROM `qls_xexhibitors` WHERE  `id` = 1  AND `status` = 1 LIMIT 1 [ RunTime:0.000350s ]
[ sql ] [ SQL ] SHOW COLUMNS FROM `qls_xvisitors` [ RunTime:0.008644s ]
[ sql ] [ SQL ] SELECT * FROM `qls_xvisitors` WHERE  `serial_number` = ''  AND `exhibitor_id` = 1  AND `event_id` = 'AB6E9834-5752-2A1A-2CF9-58391339841B'  AND `visit_time` = '2026-05-04 12:47:33' LIMIT 1 [ RunTime:0.223956s ]
[ sql ] [ SQL ] INSERT INTO `qls_xvisitors` (`id` , `first_name` , `last_name` , `full_name` , `organization` , `title` , `phone` , `email` , `flag` , `remark` , `serial_number` , `exhibitor_id` , `event_id` , `visit_time` , `visit_date` , `img_card` , `create_time`) VALUES ('8E045D65-A4B9-57B8-504E-2563D8A91835' , NULL , NULL , 'undefined undefined' , NULL , NULL , NULL , NULL , 'Neutral' , NULL , '' , 1 , 'AB6E9834-5752-2A1A-2CF9-58391339841B' , '2026-05-04 12:47:33' , '2026-05-04' , NULL , '2026-05-04 12:48:12') [ RunTime:0.003691s ]
---------------------------------------------------------------

[2026-05-04T12:48:58+08:00] 185.112.104.132 POST qss.qestsoln.com/api/uploadContact
[ info ] [uploadContact][]
---------------------------------------------------------------

[2026-05-04T12:48:58+08:00] 185.112.104.132 POST qss.qestsoln.com/api/uploadContact
[运行时间：0.020101s] [吞吐率：49.75req/s] [内存消耗：1,573.58kb] [文件加载：100]
[ info ] [ LANG ] /var/www/vhosts/qestsoln.com/qss.qestsoln.com/thinkphp/lang/zh-cn.php
[ info ] [ BIND ] 'index'
[ info ] [ ROUTE ] array (
  'rule' => 'api/uploadContact',
  'route' => 'api/Index/uploadContact',
  'option' => 
  array (
    'merge_rule_regex' => false,
    'header' => 
    array (
      'Access-Control-Allow-Credentials' => 'true',
      'Access-Control-Allow-Methods' => 'POST,GET,PUT,DELETE',
      'Access-Control-Allow-Headers' => 'token,Origin,X-Requested-With,Content-Type,Accept,Authorization',
      'Access-Control-Allow-Origin' => '*',
    ),
    'cross_domain' => true,
  ),
  'var' => 
  array (
  ),
)
[ info ] [ HEADER ] array (
  'user-agent' => 'okhttp/4.12.0',
  'cookie' => 'PHPSESSID=a8pqo3ul7sdffi2pp99p916lph',
  'accept-encoding' => 'gzip',
  'content-type' => 'application/json',
  'token' => 'eyJ0eXAiOiJKV1QiLCJhbGciOiJIUzI1NiJ9.eyJpc3MiOiJKZXJyeSIsImF1ZCI6IiIsImlhdCI6MTc3Nzg3MDA4MSwibmJmIjoxNzc3ODcwMDg0LCJleHAiOjE3NzgzMDIwODEsImRhdGEiOnsiaWQiOjF9fQ.hPceurBrxxmjo6lcL8CExAaEzsAuhnbk1J8gGMh_pt8',
  'accept' => 'application/json, text/plain, */*',
  'content-length' => '15',
  'connection' => 'close',
  'x-accel-internal' => '/internal-nginx-static-location',
  'x-real-ip' => '185.112.104.132',
  'host' => 'qss.qestsoln.com',
)
[ info ] [ PARAM ] array (
  'contacts' => 
  array (
  ),
)
[ info ] [ DB ] INIT mysql
[ sql ] [ DB ] CONNECT:[ UseTime:0.000788s ] mysql:host=127.0.0.1;port=3306;dbname=qss_qestsoln;charset=utf8
[ sql ] [ SQL ] SHOW COLUMNS FROM `qls_xexhibitors` [ RunTime:0.000786s ]
[ sql ] [ SQL ] SELECT * FROM `qls_xexhibitors` WHERE  `id` = 1  AND `status` = 1 LIMIT 1 [ RunTime:0.000491s ]
---------------------------------------------------------------

[2026-05-04T12:49:34+08:00] 185.112.104.132 POST qss.qestsoln.com/api/uploadContact
[ info ] [uploadContact][{"exhibitorID":1,"visitDate":"2026-05-04","serialNumber":"","imgCard":null,"remark":"jerry.bi","lastName":null,"email":null,"telephone":null,"title":null,"organization":null,"visitTime":"2026-05-04 12:47:33","flag":"Neutral","firstName":null,"fullName":"undefined undefined","id":1},{"exhibitorID":1,"visitDate":"2026-05-04","serialNumber":"","imgCard":null,"remark":null,"lastName":null,"email":null,"telephone":null,"title":null,"organization":null,"visitTime":"2026-05-04 12:49:16","flag":"Neutral","firstName":null,"fullName":"undefined undefined","id":2}]
---------------------------------------------------------------

[2026-05-04T12:49:34+08:00] 185.112.104.132 POST qss.qestsoln.com/api/uploadContact
[运行时间：0.197142s] [吞吐率：5.07req/s] [内存消耗：1,569.74kb] [文件加载：101]
[ info ] [ LANG ] /var/www/vhosts/qestsoln.com/qss.qestsoln.com/thinkphp/lang/zh-cn.php
[ info ] [ BIND ] 'index'
[ info ] [ ROUTE ] array (
  'rule' => 'api/uploadContact',
  'route' => 'api/Index/uploadContact',
  'option' => 
  array (
    'merge_rule_regex' => false,
    'header' => 
    array (
      'Access-Control-Allow-Credentials' => 'true',
      'Access-Control-Allow-Methods' => 'POST,GET,PUT,DELETE',
      'Access-Control-Allow-Headers' => 'token,Origin,X-Requested-With,Content-Type,Accept,Authorization',
      'Access-Control-Allow-Origin' => '*',
    ),
    'cross_domain' => true,
  ),
  'var' => 
  array (
  ),
)
[ info ] [ HEADER ] array (
  'user-agent' => 'okhttp/4.12.0',
  'cookie' => 'PHPSESSID=a8pqo3ul7sdffi2pp99p916lph',
  'accept-encoding' => 'gzip',
  'content-type' => 'application/json',
  'token' => 'eyJ0eXAiOiJKV1QiLCJhbGciOiJIUzI1NiJ9.eyJpc3MiOiJKZXJyeSIsImF1ZCI6IiIsImlhdCI6MTc3Nzg3MDA4MSwibmJmIjoxNzc3ODcwMDg0LCJleHAiOjE3NzgzMDIwODEsImRhdGEiOnsiaWQiOjF9fQ.hPceurBrxxmjo6lcL8CExAaEzsAuhnbk1J8gGMh_pt8',
  'accept' => 'application/json, text/plain, */*',
  'content-length' => '574',
  'connection' => 'close',
  'x-accel-internal' => '/internal-nginx-static-location',
  'x-real-ip' => '185.112.104.132',
  'host' => 'qss.qestsoln.com',
)
[ info ] [ PARAM ] array (
  'contacts' => 
  array (
    0 => 
    array (
      'exhibitorID' => 1,
      'visitDate' => '2026-05-04',
      'serialNumber' => '',
      'imgCard' => NULL,
      'remark' => 'jerry.bi',
      'lastName' => NULL,
      'email' => NULL,
      'telephone' => NULL,
      'title' => NULL,
      'organization' => NULL,
      'visitTime' => '2026-05-04 12:47:33',
      'flag' => 'Neutral',
      'firstName' => NULL,
      'fullName' => 'undefined undefined',
      'id' => 1,
    ),
    1 => 
    array (
      'exhibitorID' => 1,
      'visitDate' => '2026-05-04',
      'serialNumber' => '',
      'imgCard' => NULL,
      'remark' => NULL,
      'lastName' => NULL,
      'email' => NULL,
      'telephone' => NULL,
      'title' => NULL,
      'organization' => NULL,
      'visitTime' => '2026-05-04 12:49:16',
      'flag' => 'Neutral',
      'firstName' => NULL,
      'fullName' => 'undefined undefined',
      'id' => 2,
    ),
  ),
)
[ info ] [ DB ] INIT mysql
[ sql ] [ DB ] CONNECT:[ UseTime:0.001115s ] mysql:host=127.0.0.1;port=3306;dbname=qss_qestsoln;charset=utf8
[ sql ] [ SQL ] SHOW COLUMNS FROM `qls_xexhibitors` [ RunTime:0.000894s ]
[ sql ] [ SQL ] SELECT * FROM `qls_xexhibitors` WHERE  `id` = 1  AND `status` = 1 LIMIT 1 [ RunTime:0.000596s ]
[ sql ] [ SQL ] SHOW COLUMNS FROM `qls_xvisitors` [ RunTime:0.000686s ]
[ sql ] [ SQL ] SELECT * FROM `qls_xvisitors` WHERE  `serial_number` = ''  AND `exhibitor_id` = 1  AND `event_id` = 'AB6E9834-5752-2A1A-2CF9-58391339841B'  AND `visit_time` = '2026-05-04 12:47:33' LIMIT 1 [ RunTime:0.089033s ]
[ sql ] [ SQL ] UPDATE `qls_xvisitors`  SET `first_name` = NULL , `last_name` = NULL , `full_name` = 'undefined undefined' , `organization` = NULL , `title` = NULL , `phone` = NULL , `email` = NULL , `flag` = 'Neutral' , `remark` = 'jerry.bi' , `img_card` = NULL , `update_time` = '2026-05-04 12:49:34'  WHERE  `id` = '8E045D65-A4B9-57B8-504E-2563D8A91835' [ RunTime:0.018083s ]
[ sql ] [ SQL ] SELECT * FROM `qls_xvisitors` WHERE  `serial_number` = ''  AND `exhibitor_id` = 1  AND `event_id` = 'AB6E9834-5752-2A1A-2CF9-58391339841B'  AND `visit_time` = '2026-05-04 12:49:16' LIMIT 1 [ RunTime:0.053087s ]
[ sql ] [ SQL ] INSERT INTO `qls_xvisitors` (`id` , `first_name` , `last_name` , `full_name` , `organization` , `title` , `phone` , `email` , `flag` , `remark` , `serial_number` , `exhibitor_id` , `event_id` , `visit_time` , `visit_date` , `img_card` , `create_time`) VALUES ('75921260-9569-01CB-A1C2-54F6A2CDEEED' , NULL , NULL , 'undefined undefined' , NULL , NULL , NULL , NULL , 'Neutral' , NULL , '' , 1 , 'AB6E9834-5752-2A1A-2CF9-58391339841B' , '2026-05-04 12:49:16' , '2026-05-04' , NULL , '2026-05-04 12:49:34') [ RunTime:0.004783s ]
