---------------------------------------------------------------

[2026-05-22T18:20:20+08:00] 41.201.164.8 POST qss.qestsoln.com/api/uploadContact
[ info ] [uploadContact][{"exhibitorID":1,"visitDate":"2026-05-22","serialNumber":"","imgCard":null,"remark":null,"lastName":null,"email":null,"telephone":null,"title":null,"organization":null,"visitTime":"2026-05-22 18:19:38","flag":"Neutral","firstName":null,"fullName":"undefined undefined","id":1}]
---------------------------------------------------------------

[2026-05-22T18:20:20+08:00] 41.201.164.8 POST qss.qestsoln.com/api/uploadContact
[运行时间：0.401886s] [吞吐率：2.49req/s] [内存消耗：1,562.50kb] [文件加载：101]
[ info ] [ LANG ] /var/www/vhosts/qestsoln.com/qss.qestsoln.com/thinkphp/lang/zh-cn.php
[ info ] [ BIND ] 'index'
[ info ] [ ROUTE ] array (
  'rule' => 'api/uploadContact',
  'route' => 'api/Index/uploadContact',
  'option' => 
  array (
    'merge_rule_regex' => false,
    'header' => 
    array (
      'Access-Control-Allow-Credentials' => 'true',
      'Access-Control-Allow-Methods' => 'POST,GET,PUT,DELETE',
      'Access-Control-Allow-Headers' => 'token,Origin,X-Requested-With,Content-Type,Accept,Authorization',
      'Access-Control-Allow-Origin' => '*',
    ),
    'cross_domain' => true,
  ),
  'var' => 
  array (
  ),
)
[ info ] [ HEADER ] array (
  'user-agent' => 'okhttp/4.9.2',
  'cookie' => 'PHPSESSID=4vdr6di3bbsa5qd905gebmsu5d',
  'accept-encoding' => 'gzip',
  'content-type' => 'application/json',
  'token' => 'eyJ0eXAiOiJKV1QiLCJhbGciOiJIUzI1NiJ9.eyJpc3MiOiJKZXJyeSIsImF1ZCI6IiIsImlhdCI6MTc3OTQ0NTIwNiwibmJmIjoxNzc5NDQ1MjA5LCJleHAiOjE3Nzk4NzcyMDYsImRhdGEiOnsiaWQiOjF9fQ.qbX6Kkwdp1fVbTsotBUb1TPxpyAIeSUpvhLdum_ccWM',
  'accept' => 'application/json, text/plain, */*',
  'content-length' => '291',
  'x-accel-internal' => '/internal-nginx-static-location',
  'x-real-ip' => '41.201.164.8',
  'host' => 'qss.qestsoln.com',
)
[ info ] [ PARAM ] array (
  'contacts' => 
  array (
    0 => 
    array (
      'exhibitorID' => 1,
      'visitDate' => '2026-05-22',
      'serialNumber' => '',
      'imgCard' => NULL,
      'remark' => NULL,
      'lastName' => NULL,
      'email' => NULL,
      'telephone' => NULL,
      'title' => NULL,
      'organization' => NULL,
      'visitTime' => '2026-05-22 18:19:38',
      'flag' => 'Neutral',
      'firstName' => NULL,
      'fullName' => 'undefined undefined',
      'id' => 1,
    ),
  ),
)
[ info ] [ DB ] INIT mysql
[ sql ] [ DB ] CONNECT:[ UseTime:0.000414s ] mysql:host=127.0.0.1;port=3306;dbname=qss_qestsoln;charset=utf8
[ sql ] [ SQL ] SHOW COLUMNS FROM `qls_xexhibitors` [ RunTime:0.000727s ]
[ sql ] [ SQL ] SELECT * FROM `qls_xexhibitors` WHERE  `id` = 1  AND `status` = 1 LIMIT 1 [ RunTime:0.000548s ]
[ sql ] [ SQL ] SHOW COLUMNS FROM `qls_xvisitors` [ RunTime:0.005682s ]
[ sql ] [ SQL ] SELECT * FROM `qls_xvisitors` WHERE  `serial_number` = ''  AND `exhibitor_id` = 1  AND `event_id` = 'AB6E9834-5752-2A1A-2CF9-58391339841B'  AND `visit_time` = '2026-05-22 18:19:38' LIMIT 1 [ RunTime:0.340610s ]
[ sql ] [ SQL ] INSERT INTO `qls_xvisitors` (`id` , `first_name` , `last_name` , `full_name` , `organization` , `title` , `phone` , `email` , `flag` , `remark` , `serial_number` , `exhibitor_id` , `event_id` , `visit_time` , `visit_date` , `img_card` , `create_time`) VALUES ('7F197E2B-7DAD-4603-A6C5-B8A12F21B558' , NULL , NULL , 'undefined undefined' , NULL , NULL , NULL , NULL , 'Neutral' , NULL , '' , 1 , 'AB6E9834-5752-2A1A-2CF9-58391339841B' , '2026-05-22 18:19:38' , '2026-05-22' , NULL , '2026-05-22 18:20:20') [ RunTime:0.020130s ]
---------------------------------------------------------------

[2026-05-22T18:21:02+08:00] 41.201.164.8 POST qss.qestsoln.com/api/uploadContact
[ info ] [uploadContact][{"exhibitorID":1,"visitDate":"2026-05-22","serialNumber":"","imgCard":null,"remark":"jerry.bi","lastName":null,"email":null,"telephone":null,"title":null,"organization":null,"visitTime":"2026-05-22 18:19:38","flag":"Neutral","firstName":null,"fullName":"undefined undefined","id":1}]
---------------------------------------------------------------

[2026-05-22T18:21:03+08:00] 41.201.164.8 POST qss.qestsoln.com/api/uploadContact
[运行时间：0.114123s] [吞吐率：8.76req/s] [内存消耗：1,562.21kb] [文件加载：100]
[ info ] [ LANG ] /var/www/vhosts/qestsoln.com/qss.qestsoln.com/thinkphp/lang/zh-cn.php
[ info ] [ BIND ] 'index'
[ info ] [ ROUTE ] array (
  'rule' => 'api/uploadContact',
  'route' => 'api/Index/uploadContact',
  'option' => 
  array (
    'merge_rule_regex' => false,
    'header' => 
    array (
      'Access-Control-Allow-Credentials' => 'true',
      'Access-Control-Allow-Methods' => 'POST,GET,PUT,DELETE',
      'Access-Control-Allow-Headers' => 'token,Origin,X-Requested-With,Content-Type,Accept,Authorization',
      'Access-Control-Allow-Origin' => '*',
    ),
    'cross_domain' => true,
  ),
  'var' => 
  array (
  ),
)
[ info ] [ HEADER ] array (
  'user-agent' => 'okhttp/4.9.2',
  'cookie' => 'PHPSESSID=4vdr6di3bbsa5qd905gebmsu5d',
  'accept-encoding' => 'gzip',
  'content-type' => 'application/json',
  'token' => 'eyJ0eXAiOiJKV1QiLCJhbGciOiJIUzI1NiJ9.eyJpc3MiOiJKZXJyeSIsImF1ZCI6IiIsImlhdCI6MTc3OTQ0NTI1NiwibmJmIjoxNzc5NDQ1MjU5LCJleHAiOjE3Nzk4NzcyNTYsImRhdGEiOnsiaWQiOjF9fQ.7i5lzbAPUaMywtJmd8NOXfcgiTPEG3WzSCJYEaFJgLA',
  'accept' => 'application/json, text/plain, */*',
  'content-length' => '297',
  'x-accel-internal' => '/internal-nginx-static-location',
  'x-real-ip' => '41.201.164.8',
  'host' => 'qss.qestsoln.com',
)
[ info ] [ PARAM ] array (
  'contacts' => 
  array (
    0 => 
    array (
      'exhibitorID' => 1,
      'visitDate' => '2026-05-22',
      'serialNumber' => '',
      'imgCard' => NULL,
      'remark' => 'jerry.bi',
      'lastName' => NULL,
      'email' => NULL,
      'telephone' => NULL,
      'title' => NULL,
      'organization' => NULL,
      'visitTime' => '2026-05-22 18:19:38',
      'flag' => 'Neutral',
      'firstName' => NULL,
      'fullName' => 'undefined undefined',
      'id' => 1,
    ),
  ),
)
[ info ] [ DB ] INIT mysql
[ sql ] [ DB ] CONNECT:[ UseTime:0.000595s ] mysql:host=127.0.0.1;port=3306;dbname=qss_qestsoln;charset=utf8
[ sql ] [ SQL ] SHOW COLUMNS FROM `qls_xexhibitors` [ RunTime:0.000855s ]
[ sql ] [ SQL ] SELECT * FROM `qls_xexhibitors` WHERE  `id` = 1  AND `status` = 1 LIMIT 1 [ RunTime:0.000493s ]
[ sql ] [ SQL ] SHOW COLUMNS FROM `qls_xvisitors` [ RunTime:0.000694s ]
[ sql ] [ SQL ] SELECT * FROM `qls_xvisitors` WHERE  `serial_number` = ''  AND `exhibitor_id` = 1  AND `event_id` = 'AB6E9834-5752-2A1A-2CF9-58391339841B'  AND `visit_time` = '2026-05-22 18:19:38' LIMIT 1 [ RunTime:0.087889s ]
[ sql ] [ SQL ] UPDATE `qls_xvisitors`  SET `first_name` = NULL , `last_name` = NULL , `full_name` = 'undefined undefined' , `organization` = NULL , `title` = NULL , `phone` = NULL , `email` = NULL , `flag` = 'Neutral' , `remark` = 'jerry.bi' , `img_card` = NULL , `update_time` = '2026-05-22 18:21:03'  WHERE  `id` = '7F197E2B-7DAD-4603-A6C5-B8A12F21B558' [ RunTime:0.006584s ]
---------------------------------------------------------------

[2026-05-22T18:21:52+08:00] 41.201.164.8 POST qss.qestsoln.com/api/uploadContact
[ info ] [uploadContact][{"exhibitorID":1,"visitDate":"2026-05-22","serialNumber":"","imgCard":null,"remark":"jerry.bi","lastName":null,"email":null,"telephone":null,"title":null,"organization":null,"visitTime":"2026-05-22 18:19:38","flag":"Hot","firstName":null,"fullName":"undefined undefined","id":1}]
---------------------------------------------------------------

[2026-05-22T18:21:52+08:00] 41.201.164.8 POST qss.qestsoln.com/api/uploadContact
[运行时间：0.213878s] [吞吐率：4.68req/s] [内存消耗：1,562.27kb] [文件加载：100]
[ info ] [ LANG ] /var/www/vhosts/qestsoln.com/qss.qestsoln.com/thinkphp/lang/zh-cn.php
[ info ] [ BIND ] 'index'
[ info ] [ ROUTE ] array (
  'rule' => 'api/uploadContact',
  'route' => 'api/Index/uploadContact',
  'option' => 
  array (
    'merge_rule_regex' => false,
    'header' => 
    array (
      'Access-Control-Allow-Credentials' => 'true',
      'Access-Control-Allow-Methods' => 'POST,GET,PUT,DELETE',
      'Access-Control-Allow-Headers' => 'token,Origin,X-Requested-With,Content-Type,Accept,Authorization',
      'Access-Control-Allow-Origin' => '*',
    ),
    'cross_domain' => true,
  ),
  'var' => 
  array (
  ),
)
[ info ] [ HEADER ] array (
  'user-agent' => 'okhttp/4.9.2',
  'cookie' => 'PHPSESSID=4vdr6di3bbsa5qd905gebmsu5d',
  'accept-encoding' => 'gzip',
  'content-type' => 'application/json',
  'token' => 'eyJ0eXAiOiJKV1QiLCJhbGciOiJIUzI1NiJ9.eyJpc3MiOiJKZXJyeSIsImF1ZCI6IiIsImlhdCI6MTc3OTQ0NTI1NiwibmJmIjoxNzc5NDQ1MjU5LCJleHAiOjE3Nzk4NzcyNTYsImRhdGEiOnsiaWQiOjF9fQ.7i5lzbAPUaMywtJmd8NOXfcgiTPEG3WzSCJYEaFJgLA',
  'accept' => 'application/json, text/plain, */*',
  'content-length' => '293',
  'x-accel-internal' => '/internal-nginx-static-location',
  'x-real-ip' => '41.201.164.8',
  'host' => 'qss.qestsoln.com',
)
[ info ] [ PARAM ] array (
  'contacts' => 
  array (
    0 => 
    array (
      'exhibitorID' => 1,
      'visitDate' => '2026-05-22',
      'serialNumber' => '',
      'imgCard' => NULL,
      'remark' => 'jerry.bi',
      'lastName' => NULL,
      'email' => NULL,
      'telephone' => NULL,
      'title' => NULL,
      'organization' => NULL,
      'visitTime' => '2026-05-22 18:19:38',
      'flag' => 'Hot',
      'firstName' => NULL,
      'fullName' => 'undefined undefined',
      'id' => 1,
    ),
  ),
)
[ info ] [ DB ] INIT mysql
[ sql ] [ DB ] CONNECT:[ UseTime:0.001989s ] mysql:host=127.0.0.1;port=3306;dbname=qss_qestsoln;charset=utf8
[ sql ] [ SQL ] SHOW COLUMNS FROM `qls_xexhibitors` [ RunTime:0.000950s ]
[ sql ] [ SQL ] SELECT * FROM `qls_xexhibitors` WHERE  `id` = 1  AND `status` = 1 LIMIT 1 [ RunTime:0.001021s ]
[ sql ] [ SQL ] SHOW COLUMNS FROM `qls_xvisitors` [ RunTime:0.000936s ]
[ sql ] [ SQL ] SELECT * FROM `qls_xvisitors` WHERE  `serial_number` = ''  AND `exhibitor_id` = 1  AND `event_id` = 'AB6E9834-5752-2A1A-2CF9-58391339841B'  AND `visit_time` = '2026-05-22 18:19:38' LIMIT 1 [ RunTime:0.146115s ]
[ sql ] [ SQL ] UPDATE `qls_xvisitors`  SET `first_name` = NULL , `last_name` = NULL , `full_name` = 'undefined undefined' , `organization` = NULL , `title` = NULL , `phone` = NULL , `email` = NULL , `flag` = 'Hot' , `remark` = 'jerry.bi' , `img_card` = NULL , `update_time` = '2026-05-22 18:21:52'  WHERE  `id` = '7F197E2B-7DAD-4603-A6C5-B8A12F21B558' [ RunTime:0.018006s ]
---------------------------------------------------------------

[2026-05-22T18:22:41+08:00] 41.201.164.8 POST qss.qestsoln.com/api/uploadContact
[ info ] [uploadContact][]
---------------------------------------------------------------

[2026-05-22T18:22:41+08:00] 41.201.164.8 POST qss.qestsoln.com/api/uploadContact
[运行时间：0.044267s] [吞吐率：22.59req/s] [内存消耗：1,573.23kb] [文件加载：100]
[ info ] [ LANG ] /var/www/vhosts/qestsoln.com/qss.qestsoln.com/thinkphp/lang/zh-cn.php
[ info ] [ BIND ] 'index'
[ info ] [ ROUTE ] array (
  'rule' => 'api/uploadContact',
  'route' => 'api/Index/uploadContact',
  'option' => 
  array (
    'merge_rule_regex' => false,
    'header' => 
    array (
      'Access-Control-Allow-Credentials' => 'true',
      'Access-Control-Allow-Methods' => 'POST,GET,PUT,DELETE',
      'Access-Control-Allow-Headers' => 'token,Origin,X-Requested-With,Content-Type,Accept,Authorization',
      'Access-Control-Allow-Origin' => '*',
    ),
    'cross_domain' => true,
  ),
  'var' => 
  array (
  ),
)
[ info ] [ HEADER ] array (
  'user-agent' => 'okhttp/4.9.2',
  'cookie' => 'PHPSESSID=4vdr6di3bbsa5qd905gebmsu5d',
  'accept-encoding' => 'gzip',
  'content-type' => 'application/json',
  'token' => 'eyJ0eXAiOiJKV1QiLCJhbGciOiJIUzI1NiJ9.eyJpc3MiOiJKZXJyeSIsImF1ZCI6IiIsImlhdCI6MTc3OTQ0NTI1NiwibmJmIjoxNzc5NDQ1MjU5LCJleHAiOjE3Nzk4NzcyNTYsImRhdGEiOnsiaWQiOjF9fQ.7i5lzbAPUaMywtJmd8NOXfcgiTPEG3WzSCJYEaFJgLA',
  'accept' => 'application/json, text/plain, */*',
  'content-length' => '15',
  'x-accel-internal' => '/internal-nginx-static-location',
  'x-real-ip' => '41.201.164.8',
  'host' => 'qss.qestsoln.com',
)
[ info ] [ PARAM ] array (
  'contacts' => 
  array (
  ),
)
[ info ] [ DB ] INIT mysql
[ sql ] [ DB ] CONNECT:[ UseTime:0.001530s ] mysql:host=127.0.0.1;port=3306;dbname=qss_qestsoln;charset=utf8
[ sql ] [ SQL ] SHOW COLUMNS FROM `qls_xexhibitors` [ RunTime:0.001071s ]
[ sql ] [ SQL ] SELECT * FROM `qls_xexhibitors` WHERE  `id` = 1  AND `status` = 1 LIMIT 1 [ RunTime:0.000953s ]
