---------------------------------------------------------------

[2026-05-28T07:08:22+08:00] 49.44.87.69 POST qss.qestsoln.com/api/uploadContact
[ info ] [uploadContact][{"exhibitorID":1,"visitDate":"2026-05-27","serialNumber":"","imgCard":null,"remark":"jerry.bi","lastName":null,"email":null,"telephone":null,"title":null,"organization":null,"visitTime":"2026-05-27 16:07:17","flag":"Neutral","firstName":null,"fullName":"undefined undefined","id":1},{"exhibitorID":1,"visitDate":"2026-05-27","serialNumber":"","imgCard":null,"remark":null,"lastName":null,"email":null,"telephone":null,"title":null,"organization":null,"visitTime":"2026-05-27 16:07:38","flag":"Neutral","firstName":null,"fullName":"undefined undefined","id":2}]
---------------------------------------------------------------

[2026-05-28T07:08:22+08:00] 49.44.87.69 POST qss.qestsoln.com/api/uploadContact
[运行时间：0.373633s] [吞吐率：2.68req/s] [内存消耗：1,570.08kb] [文件加载：101]
[ info ] [ LANG ] /var/www/vhosts/qestsoln.com/qss.qestsoln.com/thinkphp/lang/zh-cn.php
[ info ] [ BIND ] 'index'
[ info ] [ ROUTE ] array (
  'rule' => 'api/uploadContact',
  'route' => 'api/Index/uploadContact',
  'option' => 
  array (
    'merge_rule_regex' => false,
    'header' => 
    array (
      'Access-Control-Allow-Credentials' => 'true',
      'Access-Control-Allow-Methods' => 'POST,GET,PUT,DELETE',
      'Access-Control-Allow-Headers' => 'token,Origin,X-Requested-With,Content-Type,Accept,Authorization',
      'Access-Control-Allow-Origin' => '*',
    ),
    'cross_domain' => true,
  ),
  'var' => 
  array (
  ),
)
[ info ] [ HEADER ] array (
  'user-agent' => 'okhttp/4.9.2',
  'cookie' => 'PHPSESSID=g285a1elpn09qdln7f3mpqf18s',
  'accept-encoding' => 'gzip',
  'content-type' => 'application/json',
  'token' => 'eyJ0eXAiOiJKV1QiLCJhbGciOiJIUzI1NiJ9.eyJpc3MiOiJKZXJyeSIsImF1ZCI6IiIsImlhdCI6MTc3OTkyMzIzNSwibmJmIjoxNzc5OTIzMjM4LCJleHAiOjE3ODAzNTUyMzUsImRhdGEiOnsiaWQiOjF9fQ.hDhUQRrNVki8v-6jiVafYGqqxaCp0yZEE4jdVvkHbkM',
  'accept' => 'application/json, text/plain, */*',
  'content-length' => '574',
  'x-accel-internal' => '/internal-nginx-static-location',
  'x-real-ip' => '49.44.87.69',
  'host' => 'qss.qestsoln.com',
)
[ info ] [ PARAM ] array (
  'contacts' => 
  array (
    0 => 
    array (
      'exhibitorID' => 1,
      'visitDate' => '2026-05-27',
      'serialNumber' => '',
      'imgCard' => NULL,
      'remark' => 'jerry.bi',
      'lastName' => NULL,
      'email' => NULL,
      'telephone' => NULL,
      'title' => NULL,
      'organization' => NULL,
      'visitTime' => '2026-05-27 16:07:17',
      'flag' => 'Neutral',
      'firstName' => NULL,
      'fullName' => 'undefined undefined',
      'id' => 1,
    ),
    1 => 
    array (
      'exhibitorID' => 1,
      'visitDate' => '2026-05-27',
      'serialNumber' => '',
      'imgCard' => NULL,
      'remark' => NULL,
      'lastName' => NULL,
      'email' => NULL,
      'telephone' => NULL,
      'title' => NULL,
      'organization' => NULL,
      'visitTime' => '2026-05-27 16:07:38',
      'flag' => 'Neutral',
      'firstName' => NULL,
      'fullName' => 'undefined undefined',
      'id' => 2,
    ),
  ),
)
[ info ] [ DB ] INIT mysql
[ sql ] [ DB ] CONNECT:[ UseTime:0.003363s ] mysql:host=127.0.0.1;port=3306;dbname=qss_qestsoln;charset=utf8
[ sql ] [ SQL ] SHOW COLUMNS FROM `qls_xexhibitors` [ RunTime:0.001104s ]
[ sql ] [ SQL ] SELECT * FROM `qls_xexhibitors` WHERE  `id` = 1  AND `status` = 1 LIMIT 1 [ RunTime:0.000703s ]
[ sql ] [ SQL ] SHOW COLUMNS FROM `qls_xvisitors` [ RunTime:0.009261s ]
[ sql ] [ SQL ] SELECT * FROM `qls_xvisitors` WHERE  `serial_number` = ''  AND `exhibitor_id` = 1  AND `event_id` = 'AB6E9834-5752-2A1A-2CF9-58391339841B'  AND `visit_time` = '2026-05-27 16:07:17' LIMIT 1 [ RunTime:0.301608s ]
[ sql ] [ SQL ] INSERT INTO `qls_xvisitors` (`id` , `first_name` , `last_name` , `full_name` , `organization` , `title` , `phone` , `email` , `flag` , `remark` , `serial_number` , `exhibitor_id` , `event_id` , `visit_time` , `visit_date` , `img_card` , `create_time`) VALUES ('8E7F049A-C008-08DE-3922-D7BD7FC96B52' , NULL , NULL , 'undefined undefined' , NULL , NULL , NULL , NULL , 'Neutral' , 'jerry.bi' , '' , 1 , 'AB6E9834-5752-2A1A-2CF9-58391339841B' , '2026-05-27 16:07:17' , '2026-05-27' , NULL , '2026-05-28 07:08:22') [ RunTime:0.007881s ]
[ sql ] [ SQL ] SELECT * FROM `qls_xvisitors` WHERE  `serial_number` = ''  AND `exhibitor_id` = 1  AND `event_id` = 'AB6E9834-5752-2A1A-2CF9-58391339841B'  AND `visit_time` = '2026-05-27 16:07:38' LIMIT 1 [ RunTime:0.002879s ]
[ sql ] [ SQL ] INSERT INTO `qls_xvisitors` (`id` , `first_name` , `last_name` , `full_name` , `organization` , `title` , `phone` , `email` , `flag` , `remark` , `serial_number` , `exhibitor_id` , `event_id` , `visit_time` , `visit_date` , `img_card` , `create_time`) VALUES ('AD1B01A8-9839-AF0E-AD33-DC109F0BB132' , NULL , NULL , 'undefined undefined' , NULL , NULL , NULL , NULL , 'Neutral' , NULL , '' , 1 , 'AB6E9834-5752-2A1A-2CF9-58391339841B' , '2026-05-27 16:07:38' , '2026-05-27' , NULL , '2026-05-28 07:08:22') [ RunTime:0.005144s ]
---------------------------------------------------------------

[2026-05-28T07:09:02+08:00] 49.44.87.69 POST qss.qestsoln.com/api/uploadContact
[ info ] [uploadContact][{"exhibitorID":1,"visitDate":"2026-05-27","serialNumber":"","imgCard":null,"remark":null,"lastName":null,"email":null,"telephone":null,"title":null,"organization":null,"visitTime":"2026-05-27 16:07:17","flag":"Neutral","firstName":null,"fullName":"undefined undefined","id":1},{"exhibitorID":1,"visitDate":"2026-05-27","serialNumber":"","imgCard":null,"remark":null,"lastName":null,"email":null,"telephone":null,"title":null,"organization":null,"visitTime":"2026-05-27 16:07:38","flag":"Neutral","firstName":null,"fullName":"undefined undefined","id":2}]
---------------------------------------------------------------

[2026-05-28T07:09:02+08:00] 49.44.87.69 POST qss.qestsoln.com/api/uploadContact
[运行时间：0.097896s] [吞吐率：10.21req/s] [内存消耗：1,568.57kb] [文件加载：100]
[ info ] [ LANG ] /var/www/vhosts/qestsoln.com/qss.qestsoln.com/thinkphp/lang/zh-cn.php
[ info ] [ BIND ] 'index'
[ info ] [ ROUTE ] array (
  'rule' => 'api/uploadContact',
  'route' => 'api/Index/uploadContact',
  'option' => 
  array (
    'merge_rule_regex' => false,
    'header' => 
    array (
      'Access-Control-Allow-Credentials' => 'true',
      'Access-Control-Allow-Methods' => 'POST,GET,PUT,DELETE',
      'Access-Control-Allow-Headers' => 'token,Origin,X-Requested-With,Content-Type,Accept,Authorization',
      'Access-Control-Allow-Origin' => '*',
    ),
    'cross_domain' => true,
  ),
  'var' => 
  array (
  ),
)
[ info ] [ HEADER ] array (
  'user-agent' => 'okhttp/4.9.2',
  'cookie' => 'PHPSESSID=g285a1elpn09qdln7f3mpqf18s',
  'accept-encoding' => 'gzip',
  'content-type' => 'application/json',
  'token' => 'eyJ0eXAiOiJKV1QiLCJhbGciOiJIUzI1NiJ9.eyJpc3MiOiJKZXJyeSIsImF1ZCI6IiIsImlhdCI6MTc3OTkyMzIzNSwibmJmIjoxNzc5OTIzMjM4LCJleHAiOjE3ODAzNTUyMzUsImRhdGEiOnsiaWQiOjF9fQ.hDhUQRrNVki8v-6jiVafYGqqxaCp0yZEE4jdVvkHbkM',
  'accept' => 'application/json, text/plain, */*',
  'content-length' => '568',
  'x-accel-internal' => '/internal-nginx-static-location',
  'x-real-ip' => '49.44.87.69',
  'host' => 'qss.qestsoln.com',
)
[ info ] [ PARAM ] array (
  'contacts' => 
  array (
    0 => 
    array (
      'exhibitorID' => 1,
      'visitDate' => '2026-05-27',
      'serialNumber' => '',
      'imgCard' => NULL,
      'remark' => NULL,
      'lastName' => NULL,
      'email' => NULL,
      'telephone' => NULL,
      'title' => NULL,
      'organization' => NULL,
      'visitTime' => '2026-05-27 16:07:17',
      'flag' => 'Neutral',
      'firstName' => NULL,
      'fullName' => 'undefined undefined',
      'id' => 1,
    ),
    1 => 
    array (
      'exhibitorID' => 1,
      'visitDate' => '2026-05-27',
      'serialNumber' => '',
      'imgCard' => NULL,
      'remark' => NULL,
      'lastName' => NULL,
      'email' => NULL,
      'telephone' => NULL,
      'title' => NULL,
      'organization' => NULL,
      'visitTime' => '2026-05-27 16:07:38',
      'flag' => 'Neutral',
      'firstName' => NULL,
      'fullName' => 'undefined undefined',
      'id' => 2,
    ),
  ),
)
[ info ] [ DB ] INIT mysql
[ sql ] [ DB ] CONNECT:[ UseTime:0.002005s ] mysql:host=127.0.0.1;port=3306;dbname=qss_qestsoln;charset=utf8
[ sql ] [ SQL ] SHOW COLUMNS FROM `qls_xexhibitors` [ RunTime:0.001292s ]
[ sql ] [ SQL ] SELECT * FROM `qls_xexhibitors` WHERE  `id` = 1  AND `status` = 1 LIMIT 1 [ RunTime:0.000794s ]
[ sql ] [ SQL ] SHOW COLUMNS FROM `qls_xvisitors` [ RunTime:0.000965s ]
[ sql ] [ SQL ] SELECT * FROM `qls_xvisitors` WHERE  `serial_number` = ''  AND `exhibitor_id` = 1  AND `event_id` = 'AB6E9834-5752-2A1A-2CF9-58391339841B'  AND `visit_time` = '2026-05-27 16:07:17' LIMIT 1 [ RunTime:0.039638s ]
[ sql ] [ SQL ] UPDATE `qls_xvisitors`  SET `first_name` = NULL , `last_name` = NULL , `full_name` = 'undefined undefined' , `organization` = NULL , `title` = NULL , `phone` = NULL , `email` = NULL , `flag` = 'Neutral' , `remark` = NULL , `img_card` = NULL , `update_time` = '2026-05-28 07:09:02'  WHERE  `id` = '8E7F049A-C008-08DE-3922-D7BD7FC96B52' [ RunTime:0.006057s ]
[ sql ] [ SQL ] SELECT * FROM `qls_xvisitors` WHERE  `serial_number` = ''  AND `exhibitor_id` = 1  AND `event_id` = 'AB6E9834-5752-2A1A-2CF9-58391339841B'  AND `visit_time` = '2026-05-27 16:07:38' LIMIT 1 [ RunTime:0.006961s ]
[ sql ] [ SQL ] UPDATE `qls_xvisitors`  SET `first_name` = NULL , `last_name` = NULL , `full_name` = 'undefined undefined' , `organization` = NULL , `title` = NULL , `phone` = NULL , `email` = NULL , `flag` = 'Neutral' , `remark` = NULL , `img_card` = NULL , `update_time` = '2026-05-28 07:09:02'  WHERE  `id` = 'AD1B01A8-9839-AF0E-AD33-DC109F0BB132' [ RunTime:0.001571s ]
